>>>>>>>>> 111
  <<<<<<<<<<<<path: /calendars/e0m.ru@ya.ru/events-12404324/3ac3gkfkza30hxm6lwapyandex.ru.ics
modTime 0001-01-01 00:00:00 +0000 UTC
---------Events--------
<p>start date : 2025-03-12</p>
<p>start time: 13:00</p>
<p>end time: 13:30</p>
uid: 3ac3gkfkza30hxm6lwapyandex.ru
<h1>ДЭС запись Видеоприветсвия</h1>
<p>Location: </p>
<p>Телесуфлёр.

Просьба поручить ЦТСПИ обеспечить техническую ВОЗМОЖНОСТЬ ДЛЯ видеозаписи моего приветствия участникам круглого стола АТЭС «Мониторинг парниковых газов В АТЭС: возможности космических
технологий» 12 марта с.г. в 15:00 (каб. 111; 1 корпус).

Место проведения согласовано с Дип.

Контактное лицо в ДЭС: Адривнова Катерина Михайловна,
тед.: 244-44-89,  7-916-329-56-86.</p>

-------------------------
path: /calendars/e0m.ru@ya.ru/events-12404324/1142ul2kmj43ra6mglzayandex.ru.ics
modTime 0001-01-01 00:00:00 +0000 UTC
---------Events--------
<p>start date : 2025-03-17</p>
<p>start time: 17:00</p>
<p>end time: 18:00</p>
uid: 1142ul2kmj43ra6mglzayandex.ru
<h1>Запись видеобращения М.В.Захаровой</h1>
<p>Location: 111</p>
<p>Ответственный - Михаил Ткачев 18-82</p>

-------------------------
path: /calendars/e0m.ru@ya.ru/events-12404324/3ac3gkfl1p8l4wrowbhdyandex.ru.ics
modTime 0001-01-01 00:00:00 +0000 UTC
---------Events--------
<p>start date : 2025-03-19</p>
<p>start time: 11:00</p>
<p>end time: 11:30</p>
uid: 3ac3gkfl1p8l4wrowbhdyandex.ru
<h1>ДМО Видеообращения участникам модели ООН</h1>
<p>Location: </p>
<p>Просьба поручить обеспечить техническое сопровождение записи моего видеообращения участникам модели ООН на базе факультета Международных
отношений СПБГУ. Запись запланирована на 19 марта с.г. в 11.00 в комнате 111
(1 корпус).

С ДИП согласовано,

Контактное лицо в ДМО - Выборнова Екатерина Владимировна,

тел.: (499) 244-30-95.</p>

-------------------------
path: /calendars/e0m.ru@ya.ru/events-12404324/1142ul2klz8u7suh48rfyandex.ru.ics
modTime 0001-01-01 00:00:00 +0000 UTC
---------Events--------
<p>start date : 2025-03-14</p>
<p>start time: 16:00</p>
<p>end time: 17:00</p>
uid: 1142ul2klz8u7suh48rfyandex.ru
<h1>ВКС Интервью М.В.Захаровой американскому блогер Скотту Риттеру</h1>
<p>Location: 111</p>
<p>Тест в 15:20
Запись. Синхронный перевод (английский).
Ответственный - Михаил Ткачев, 18-82 / +7-968-441-26-93

ЦТСПИ МИД РФ приглашает вас на запланированную конференцию: Zoom.

Тема: Интервью М.В.Захаровой американскому блогер Скотту Риттеру
Время: 14 мар. 2025 16:00 Москва
Подключиться к конференции Zoom
https://us02web.zoom.us/j/88610156461?pwd=kkHEAp9LWgnjNahDLIRyeukjIbHEiD.1

Идентификатор конференции: 886 1015 6461
Код доступа: 327161

</p>

-------------------------
 =========================

>>>>>>>>> 114
  <<<<<<<<<<<<path: /calendars/e0m.ru@ya.ru/events-12404326/1p3bn2dpxp86ehvu1tapyandex.ru.ics
modTime 0001-01-01 00:00:00 +0000 UTC
---------Events--------
<p>start date : 2025-03-19</p>
<p>start time: 14:30</p>
<p>end time: 16:30</p>
uid: 1p3bn2dpxp86ehvu1tapyandex.ru
<h1>ВКС ДМГК</h1>
<p>Location: </p>
<p>
Контактное лицо В ДМГ К; второй секретарь К.И. Султанова,

тел. (499) 244-48-83. 

https://sferum.ru/?call_link=Hh9gONxOCiYSf_7JYTzO_ccRmLgSwmK0-qdt4EFdpSEw</p>

-------------------------
path: /calendars/e0m.ru@ya.ru/events-12404326/1p3bn2dptl860aoalr6uyandex.ru.ics
modTime 0001-01-01 00:00:00 +0000 UTC
---------Events--------
<p>start date : 2025-03-20</p>
<p>start time: 17:30</p>
<p>end time: 20:00</p>
uid: 1p3bn2dptl860aoalr6uyandex.ru
<h1>Памяти Зимянина</h1>
<p>Location: </p>
<p>звукоусиление (фоновая музыка)
конф. система, зачем-то.
2 радио микрофона
экран - ролики: 
https://disk.yandex.ru/d/16I7TRSdHDtLJg
ДМО Бессонов Евгений Геннадьевич 37-15
</p>

-------------------------
path: /calendars/e0m.ru@ya.ru/events-12404326/3ac3gkfkx585g66np5payandex.ru.ics
modTime 0001-01-01 00:00:00 +0000 UTC
---------Events--------
<p>start date : 2025-03-10</p>
<p>start time: 12:00</p>
<p>end time: 14:00</p>
uid: 3ac3gkfkx585g66np5payandex.ru
<h1>ВКС  посла по особым поручениям Р.В.Мирошника</h1>
<p>Location: 114</p>
<p>ZOOM
Синхронный перевод, 

Ссылка на видеоконференцию:
https://zoom.us/j/97445857835?pwd=6Z5GbTkAEl6UQg890ZUr5VoF5qhFnH.1
ID конференции: 974 4585 7835
Пароль: 707532

- 10 марта с 12.00 до 14.00, каб. № 114 (1-Й корпус).

Контактный телефон в ДНКВ: 499-244-19-86 (С.И.Адрюшин).
</p>

-------------------------
path: /calendars/e0m.ru@ya.ru/events-12404326/3ac3gkfkv7yx6e8e4cyandex.ru.ics
modTime 0001-01-01 00:00:00 +0000 UTC
---------Events--------
<p>start date : 2025-03-18</p>
<p>start time: 14:30</p>
<p>end time: 17:30</p>
uid: 3ac3gkfkv7yx6e8e4cyandex.ru
<h1>ВКС ДРС— заседание Всемирного координационного совета российских  соотечественников</h1>
<p>Location: </p>
<p>Создать ссылку ZOOM 14-го марта направить в ДРС на ТГ Митиной Т.Н
(Без синхронного перевода)

Тема: ВКС заседание Всемирного координационного совета российских соотечественников
Время: 18 мар. 2025 14:30 Москва
Подключиться к конференции Zoom
https://us02web.zoom.us/j/82753263558?pwd=bSXDrbETaPRnBSM41s7kBcH9CSzBJD.1

Идентификатор конференции: 827 5326 3558
Код доступа: 961050


Департамент по работе с соотечественниками за рубежом планирует провести очередное — заседание Всемирного координадионного совета российских  соотечественников в режиме видеоконференции
18 марта 2025 г. с 14:30 до 17:30,

Прошу поручить забронировать зал 114 корпуса №1 МИД России на время проведения мероприятия и дать указание ЦТСПИ обеспечить его техническую поддержку.

С ДИП в рабочем порядке согласовано.

18-54 
89165538022
Татьяна Николаевна Митина.
</p>

-------------------------
path: /calendars/e0m.ru@ya.ru/events-12404326/3ac3gkfkvp218zlqt6l2yandex.ru.ics
modTime 0001-01-01 00:00:00 +0000 UTC
---------Events--------
<p>start date : 2025-03-04</p>
<p>start time: 15:00</p>
<p>end time: 18:00</p>
uid: 3ac3gkfkvp218zlqt6l2yandex.ru
<h1>Отмена, Переносится на другую дату .ВКС  58-й сессии Совета ООН по правам человека</h1>
<p>Location: </p>
<p>

Просьба поручить предоставить 4 марта с 15.00 до 18:00 комнату 114, Корпус №1 (в рабочем порядке предварительно’ согласовано), а также
обеспечить техническое сопровождение, включая подключение синхронного перевода и осуществление видео- и аудиозаписи, официального мероприятия
(тематической конференции) Российской Федерацией (пройдет в формате ВКС
на платформе оо), организуемого «на полях» 58-й сессии Совета ООН но
правам человека.

Просьба организовать работу переводчиков так, чтобы они были
участниками конференции (с пометками КО$ и ЕМС). Таким образом,
остальные участники конференции смогут выбирать, на каком языке слушать
выступления.

Контактное лицо в ДМИПЧ; советник Аничина Ирина Петровна

(тел. 244-29-61). -</p>

-------------------------
path: /calendars/e0m.ru@ya.ru/events-12404326/3ac3gkfkyv101819h204yandex.ru.ics
modTime 0001-01-01 00:00:00 +0000 UTC
---------Events--------
<p>start date : 2025-03-12</p>
<p>start time: 10:00</p>
<p>end time: 16:00</p>
uid: 3ac3gkfkyv101819h204yandex.ru
<h1>Заседание межведомственной Экспертной группы</h1>
<p>Location: </p>
<p>работа с документом 
‚ Уважаемый Анатолий Александрович,

межведомственной Экспертной группы по совершенствованию механизмов
сотрудничества в области безомасности в рамках ШОС просьба поручить
забронировать для указанного мероприятия зал для проведения переговоров
(№114, корпус №1 и дать указание подключить аппаратуру
конференисистемы, а также оборудование для демонстрации и редактирования
. документов на большом экране.

Контактное лицо в ДНВ: третий секретарь Шубин Евгений

о Константинович (тел. 244-13-21),

« » марта 2025 года
№ 25. /днв</p>

-------------------------
path: /calendars/e0m.ru@ya.ru/events-12404326/3ac3gkfkx57z72q4cirgyandex.ru.ics
modTime 0001-01-01 00:00:00 +0000 UTC
---------Events--------
<p>start date : 2025-03-03</p>
<p>start time: 12:00</p>
<p>end time: 13:00</p>
uid: 3ac3gkfkx57z72q4cirgyandex.ru
<h1>ВКС-  (формат подготовительной работы) посла по особым поручениям Р.В.Мирошника</h1>
<p>Location: </p>
<p>ZOOM
Синхронный перевод, 

- 3 марта с 12:00 до 12:30, каб. № 114 (1-й корпус);
- 10 марта с 12.00 до 14.00, каб. № 114 (1-Й корпус).


Ссылка на видеоконференцию:
https://zoom.us/j/97445857835?pwd=6Z5GbTkAEl6UQg890ZUr5VoF5qhFnH.1
ID конференции: 974 4585 7835
Пароль: 707532

Контактный телефон в ДНКВ: 499-244-19-86 (Станислав  Игоревич 
 Адрюшин).
</p>

-------------------------
path: /calendars/e0m.ru@ya.ru/events-12404326/3ac3gkfl1y5an4z0hdmmyandex.ru.ics
modTime 0001-01-01 00:00:00 +0000 UTC
---------Events--------
<p>start date : 2025-03-26</p>
<p>start time: 14:00</p>
<p>end time: 18:00</p>
uid: 3ac3gkfl1y5an4z0hdmmyandex.ru
<h1>ВКС  Рабочей группы по климату «Группы двадцати»</h1>
<p>Location: </p>
<p>
26 марта к. 114 (1 корпус) с 14:00 до 18:00 и предоставить необходимое техническое оборудование для подключения К ВКС.

Контактное лицо в ДЭС: Е.М.Адрианова, 8-916-329-56-86,</p>

-------------------------
path: /calendars/e0m.ru@ya.ru/events-12404326/3ac3gkfl091fk962l9x8yandex.ru.ics
modTime 0001-01-01 00:00:00 +0000 UTC
---------Events--------
<p>start date : 2025-03-13</p>
<p>start time: 11:00</p>
<p>end time: 15:00</p>
uid: 3ac3gkfl091fk962l9x8yandex.ru
<h1>Заседание Межведомственной рабочей группы по вопросам участия Российской Федерации в форуме АТЭС</h1>
<p>Location: </p>
<p>
Обеспечить необходимое техническое сопровождение для подключения к ВКС, а также сделать аудиозапись выступлений участников. С учетом того, что МИД России является организатором совещания, просим
также прислать ссылку на подключение к конференции на эл.дочту 
арес-russia@mid.ru 

Предпочтительным является использование технологии ZOOM

Контактное лицо: Адрианова Катерина Михайловна,
тел.;  7 (916) 329-56-86,


https://us02web.zoom.us/j/82848151422?pwd=A9gcsWKS97rStmSDcOCEuU8TbxlTiv.1
Идентификатор конференции: 828 4815 1422
Код доступа: 065866

</p>

-------------------------
path: /calendars/e0m.ru@ya.ru/events-12404326/3ac3gkfl0y12b1dhtqsayandex.ru.ics
modTime 0001-01-01 00:00:00 +0000 UTC
---------Events--------
<p>start date : 2025-03-17</p>
<p>start time: 13:00</p>
<p>end time: 19:30</p>
uid: 3ac3gkfl0y12b1dhtqsayandex.ru
<h1>ВКС по линии «Группы двадцати» состоятся консультации, посвященные деятельности целевой Труппы указанного объединения по вопросам инклюзивного Экономроств, индустриализации, занятости и сокращения неравенства.</h1>
<p>Location: 114</p>
<p>
Teams
Join the meeting now

Meeting ID: 381 629 924 673
Passcode: hq6VG23Z


Контактное лицо: 1 секретарь ДЭС Хлебникова Дарья Викторовна,
тел.: (499) 241-32-36, (915) 399-60-39</p>

-------------------------
path: /calendars/e0m.ru@ya.ru/events-12404326/3ac3gkfkyr4poznf4v74yandex.ru.ics
modTime 0001-01-01 00:00:00 +0000 UTC
---------Events--------
<p>start date : 2025-03-05</p>
<p>start time: 11:30</p>
<p>end time: 15:00</p>
uid: 3ac3gkfkyr4poznf4v74yandex.ru
<h1></h1>
<p>Location: </p>
<p>Meeting link:https://zoom.us/webinar/register/WN_WRXNJcBAQTuzDNJF6yNWqw


Контактное лицо в ДЭС:

Дмитрий Юрьевич Морозенков, тел. (499) 241-35-89.</p>

-------------------------
path: /calendars/e0m.ru@ya.ru/events-12404326/3ac3gkfkza2sle563b95yandex.ru.ics
modTime 0001-01-01 00:00:00 +0000 UTC
---------Events--------
<p>start date : 2025-03-11</p>
<p>start time: 09:00</p>
<p>end time: 16:00</p>
uid: 3ac3gkfkza2sle563b95yandex.ru
<h1>ВКС Минэкономразвития </h1>
<p>Location: </p>
<p>https://us02web.zoom.us/j/87080531184?pwd=gcJmfxpq2EUFGi20RpdTWt26V7oMpZ.1

Meeting ID: 870 8053 1184
Passcode: 243245



В связи с проведением по инициативе Минэкономразвития Россия совещания в формате ВКС с участием представителей ЗДА МИД России
1 марта с.г. просили бы дать указание зарезервировать кабинет 114 (Корпус № 1) с 9.00 до 16.00 и обеспечить использование там соответствующего оборудования,

Контактное лицо в ЗДА: третий секретарь Найденов Павел Игоревич,
тел. (499) 244-39-83, е-таЙ зеа@ри то.</p>

-------------------------
 =========================

>>>>>>>>> 116 
  <<<<<<<<<<<<path: /calendars/e0m.ru@ya.ru/events-12404327/3ac3gkfku83fuxq3qrwxyandex.ru.ics
modTime 0001-01-01 00:00:00 +0000 UTC
---------Events--------
<p>start date : 2025-03-13</p>
<p>start time: 16:00</p>
<p>end time: 18:00</p>
uid: 3ac3gkfku83fuxq3qrwxyandex.ru
<h1>ВКС Минобороны России и МИД России в мероприятии по линии ОБСЕ </h1>
<p>Location: </p>
<p>ВКС ZOOM
Синхронный перевод с Рус на Англ яз.- локально в помещении

oin Zoom Meeting
https://osce-org.zoom.us/j/92263350976

Meeting ID: 922 6335 0976
Passcode: 60788131

В связи с предстоящим участием представителей Минобороны России и МИД России в мероприятии по линии ОБСЕ в формате видеоконференции
(на Интерне -платформе ZOOM) 13 марта 2025 года с 16:00 до 18:00 в кабинете № 116 (1-й корпус) просьба дать указание обеспечить его телетрансляцию и синхронный перевод с помоoью необходимой аgпаратуры,
а также выделить специалиста ЦТСПИ для оказания технической поддержки,

Контактное лицо в ДИКВ: Аyдрюшин Станислав Игоревич,

№ служебного телефона: (499) 244 19 86.
</p>

-------------------------
path: /calendars/e0m.ru@ya.ru/events-12404327/3ac3gkfl1w85n9ywtc8yyandex.ru.ics
modTime 0001-01-01 00:00:00 +0000 UTC
---------Events--------
<p>start date : 2025-03-20</p>
<p>start time: 12:00</p>
<p>end time: 13:30</p>
uid: 3ac3gkfl1w85n9ywtc8yyandex.ru
<h1>брифинг  С.А. Рябкова для послов государств-членов ОДКБ</h1>
<p>Location: </p>
<p>ФОТО
Синхронный перевод

В связи с проведением 20 марта сг. в 12:00 в МИД России
(корпус № 1, зал 116) брифинга заместителя Министра иностранных, дел Российской Федерации С.А.Рябкова для послов государств-членов ОДКБ
просьба оказать техническое содействие в организации данного мероприятия,

Контактное лицо в 1ДСНГ - второй секретарь Лютый Егор
Станиславович, тел.: (499) 244-34-63, моб.: 8-928-222-26-38,</p>

-------------------------
path: /calendars/e0m.ru@ya.ru/events-12404327/3ac3gkfl1w11cqkrpxrvyandex.ru.ics
modTime 0001-01-01 00:00:00 +0000 UTC
---------Events--------
<p>start date : 2025-03-20</p>
<p>start time: 15:00</p>
<p>end time: 16:30</p>
uid: 3ac3gkfl1w11cqkrpxrvyandex.ru
<h1>Брифинг С.А.Рябкова для послов стран БРИКС</h1>
<p>Location: </p>
<p>ФОТО
Синхронный перевод-  Англ,,  Прес.

В связи с проведением брифинга С.А.Рябкова для послов стран БРИКС по тематике российско-американских отношений 20 марта с.г. в 15:00 в ауд. 114 (Первый корпус) просили бы дать указание оборудовать помещение
конференц-системой и звукоусиливающим оборудованием, а также Поручить
специанистам ЦТСЦИ предусмотреть техническое обеспечение синхронного
перевода с/на русский/английский/персидский языки во время встречи (количество участников мероприятия уточняется, предварительно — 35 чел.),

Контактное лицо в ДВИ -— второй секретарь Цонцерь Михаил Вадимович
(тел, 244-30-44,  7 (916) 234-73-21, БМезаия ти).

Со фетонны,

7 М МАЛЬКОВ</p>

-------------------------
path: /calendars/e0m.ru@ya.ru/events-12404327/18x06pmd5e9rjhdovq4ayandex.ru.ics
modTime 0001-01-01 00:00:00 +0000 UTC
---------Events--------
<p>start date : 2025-03-11</p>
<p>start time: 19:00</p>
<p>end time: 20:30</p>
uid: 18x06pmd5e9rjhdovq4ayandex.ru
<h1></h1>
<p>Location: </p>
<p></p>

-------------------------
 =========================

>>>>>>>>> 505
  <<<<<<<<<<<<path: /calendars/e0m.ru@ya.ru/events-12917386/1p3bn2dpxx4u3pnn7dl3yandex.ru.ics
modTime 0001-01-01 00:00:00 +0000 UTC
---------Events--------
<p>start date : 2025-03-19</p>
<p>start time: 12:00</p>
<p>end time: 12:30</p>
uid: 1p3bn2dpxx4u3pnn7dl3yandex.ru
<h1>Запись видеообращения ДВП</h1>
<p>Location: </p>
<p>

Ответственный в ДВП :
А.О. Тропашеко 8 499 244 48 62</p>

-------------------------
 =========================

>>>>>>>>> 737
  <<<<<<<<<<<<path: /calendars/e0m.ru@ya.ru/events-12404334/3ac3gkfl1y5ln3958i84yandex.ru.ics
modTime 0001-01-01 00:00:00 +0000 UTC
---------Events--------
<p>start date : 2025-03-26</p>
<p>start time: 13:00</p>
<p>end time: 13:30</p>
uid: 3ac3gkfl1y5ln3958i84yandex.ru
<h1></h1>
<p>Location: </p>
<p></p>

-------------------------
path: /calendars/e0m.ru@ya.ru/events-12404334/3ac3gkfl1w2p6yw67kxyandex.ru.ics
modTime 0001-01-01 00:00:00 +0000 UTC
---------Events--------
<p>start date : 2025-03-26</p>
<p>start time: 11:00</p>
<p>end time: 12:00</p>
uid: 3ac3gkfl1w2p6yw67kxyandex.ru
<h1>Встреча С.В, Лаврова с Председателем Национальной Ассамблеи народной власти и Госсовета Кубы</h1>
<p>Location: </p>
<p>

Встреча с Председателем Национальной
Ассамблеи народной власти и Госсовета Кубы
Э,Ласо 
{26 марта, 11.00, к.737)</p>

-------------------------
 =========================

>>>>>>>>> e0m
  <<<<<<<<<<<< =========================

>>>>>>>>> test
  <<<<<<<<<<<<path: /calendars/e0m.ru@ya.ru/events-29358211/1p3bn2dpx012gg4p8xwoyandex.ru.ics
modTime 0001-01-01 00:00:00 +0000 UTC
---------Events--------
<p>start date : 2025-03-12</p>
<p>start time: 17:00</p>
<p>end time: 17:45</p>
uid: 1p3bn2dpx012gg4p8xwoyandex.ru
<h1>Без названия</h1>
<p>Location: </p>
<p></p>

-------------------------
 =========================

>>>>>>>>> ДИП
  <<<<<<<<<<<<path: /calendars/e0m.ru@ya.ru/events-18041099/1u10c32qz22da60s8e2t5yandex.ru.ics
modTime 0001-01-01 00:00:00 +0000 UTC
---------Events--------
<p>start date : 2025-03-19</p>
<p>start time: 13:00</p>
<p>end time: 14:00</p>
uid: 1u10c32qz22da60s8e2t5yandex.ru
<h1>ВКС с Волгоградским государственным университетом</h1>
<p>Location: </p>
<p>19 марта к.114 в 13.00 состоится ВКС с Волгоградским государственным университетом
Контактное лицо - Екатерина Акопян, +79629534386
Просьба оказать содействие в подключении.
ЦТСПИ МИД РФ приглашает вас на запланированную конференцию: Zoom.

Тема: ВКС с Волгоградским государственным университетом
Время: 19 мар. 2025 13:00 Москва
Подключиться к конференции Zoom
https://us02web.zoom.us/j/82541702551?pwd=DLyzYsuvq8TO0dM70DY6IiPkRbkgVF.1

Идентификатор конференции: 825 4170 2551
Код доступа: 398415

</p>

-------------------------
path: /calendars/e0m.ru@ya.ru/events-18041099/1u10c32qyr8d0yd584za8yandex.ru.ics
modTime 0001-01-01 00:00:00 +0000 UTC
---------Events--------
<p>start date : 2025-03-11</p>
<p>start time: 11:00</p>
<p>end time: 12:00</p>
uid: 1u10c32qyr8d0yd584za8yandex.ru
<h1></h1>
<p>Location: 737</p>
<p>Ответственный - Мария Мамаева, тел. 10-85, +7 (963) 635-58-36</p>

-------------------------
path: /calendars/e0m.ru@ya.ru/events-18041099/1142ul2kk376yox3q2quyandex.ru.ics
modTime 0001-01-01 00:00:00 +0000 UTC
---------Events--------
<p>start date : 2025-03-04</p>
<p>start time: 17:00</p>
<p>end time: 18:00</p>
uid: 1142ul2kk376yox3q2quyandex.ru
<h1>Интервью директора ДИП М.В.Захаровой телеканалу NBC News</h1>
<p>Location: Атриум</p>
<p>Атриум. Синхронный перевод - английский. Съемочная группа придет в 15:15. Очно.

Ответственные: Лаврова Галина Игоревна 41-60 / +7-968-012-18-82
Ткачев Михаил Михайлович 18-82 / +7-968-441-26-93</p>

-------------------------
path: /calendars/e0m.ru@ya.ru/events-18041099/2r2c8wohnp7k4856g5fzyandex.ru.ics
modTime 0001-01-01 00:00:00 +0000 UTC
---------Events--------
<p>start date : 2025-03-06</p>
<p>start time: 14:00</p>
<p>end time: 14:00</p>
uid: 2r2c8wohnp7k4856g5fzyandex.ru
<h1>Выезд в Культурный центр</h1>
<p>Location: </p>
<p></p>

-------------------------
path: /calendars/e0m.ru@ya.ru/events-18041099/1142ul2kk24ek0h1nw6zyandex.ru.ics
modTime 0001-01-01 00:00:00 +0000 UTC
---------Events--------
<p>start date : 2025-03-04</p>
<p>start time: 13:00</p>
<p>end time: 15:00</p>
uid: 1142ul2kk24ek0h1nw6zyandex.ru
<h1>Мероприятие  с участием директора ДИП М.В.Захаровой</h1>
<p>Location: Каб.114</p>
<p>Ответственный - Полыскалов Артем Олегович, 46-85 / +7-903-721-42-22</p>

-------------------------
path: /calendars/e0m.ru@ya.ru/events-18041099/1u10c32qz216miuf3ro81yandex.ru.ics
modTime 0001-01-01 00:00:00 +0000 UTC
---------Events--------
<p>start date : 2025-03-25</p>
<p>start time: 13:00</p>
<p>end time: 13:30</p>
uid: 1u10c32qz216miuf3ro81yandex.ru
<h1>Запись интервью министра для Первого канала</h1>
<p>Location: каб. 737 ВАД</p>
<p>Запись интервью министра для Первого канала
Контактное лицо от ДИП Наталья Викторова, т. 10-85 </p>

-------------------------
path: /calendars/e0m.ru@ya.ru/events-18041099/1u10c32qz37reby2hlj6yandex.ru.ics
modTime 0001-01-01 00:00:00 +0000 UTC
---------Events--------
<p>start date : 2025-03-27</p>
<p>start time: 11:00</p>
<p>end time: 12:00</p>
uid: 1u10c32qz37reby2hlj6yandex.ru
<h1></h1>
<p>Location: </p>
<p></p>

-------------------------
path: /calendars/e0m.ru@ya.ru/events-18041099/1u0rjnd5jz3y2y5n9ir28yandex.ru.ics
modTime 0001-01-01 00:00:00 +0000 UTC
---------Events--------
<p>start date : 2025-03-03</p>
<p>start time: 13:00</p>
<p>end time: 14:00</p>
uid: 1u0rjnd5jz3y2y5n9ir28yandex.ru
<h1>Интервью М.В.Захаровой для ТК Звезда, Атриум</h1>
<p>Location: </p>
<p></p>

-------------------------
path: /calendars/e0m.ru@ya.ru/events-18041099/1142ul2klt3vebb5p53yyandex.ru.ics
modTime 0001-01-01 00:00:00 +0000 UTC
---------Events--------
<p>start date : 2025-03-13</p>
<p>start time: 11:00</p>
<p>end time: 15:00</p>
uid: 1142ul2klt3vebb5p53yyandex.ru
<h1>Брифинг М.В.Захаровой</h1>
<p>Location: Конференц-зал</p>
<p>Ответственный - Лукашев Дмитрий Алексеевич, 17-58 / +7-903-173-43-55

MFA Russia приглашает вас на запланированную конференцию: Zoom.

Тема: Брифинг М.В.Захаровой
Время: 13 мар. 2025 11:00 Москва
Подключиться к конференции Zoom
https://us02web.zoom.us/j/82886177769?pwd=GHgL7aEZroaIV2vO0dvhTZdxtMq5wL.1

Идентификатор конференции: 828 8617 7769
Код доступа: 064791

---

Одно касание на мобильном телефоне
+74999516380,,82886177769# Россия
+74992816510,,82886177769# Россия

---

Набор в зависимости от местоположения
• +7 499 951 6380 Россия
• +7 499 281 6510 Россия
• +7 499 281 6543 Россия
• +7 499 951 6379 Россия

Идентификатор конференции: 828 8617 7769

Найдите свой местный номер: https://us02web.zoom.us/u/kr6uEFuEe

</p>

-------------------------
path: /calendars/e0m.ru@ya.ru/events-18041099/1142ul2kjc38k4y9leibyandex.ru.ics
modTime 0001-01-01 00:00:00 +0000 UTC
---------Events--------
<p>start date : 2025-03-04</p>
<p>start time: 16:00</p>
<p>end time: 17:00</p>
uid: 1142ul2kjc38k4y9leibyandex.ru
<h1>Интервью М.В.Захаровой колумбийскому радио WRadio в прямом эфире по ВКС</h1>
<p>Location: 111</p>
<p>Синхронный перевод, 2 переводчика.

Ответственный - Фомченков В.А. 17-40 / +7-985-736-70-67

ЦТСПИ МИД РФ приглашает вас на запланированную конференцию: Zoom.

Тема: Интервью М.В.Захаровой колумбийскому радио WRadio в прямом эфире по ВКС
Время: 4 мар. 2025 16:00 Москва
Подключиться к конференции Zoom
https://us02web.zoom.us/j/88641259460?pwd=raaMunujwbDupHu5zEuDtwn8jvhYzd.1

Идентификатор конференции: 886 4125 9460
Код доступа: 514506

</p>

-------------------------
path: /calendars/e0m.ru@ya.ru/events-18041099/1142ul2knoliyo0y1b9yandex.ru.ics
modTime 0001-01-01 00:00:00 +0000 UTC
---------Events--------
<p>start date : 2025-03-20</p>
<p>start time: 14:00</p>
<p>end time: 16:30</p>
uid: 1142ul2knoliyo0y1b9yandex.ru
<h1>Брифинг М.В.Захаровой</h1>
<p>Location: Конферегц-зал</p>
<p>В 14:00 состоится брифинг МВЗ.
Просьба оказать содействие. 

Ответственные - Скобликова, Лукашев 

MFA Russia приглашает вас на запланированную конференцию: Zoom.

Тема: Брифинг официального представителя МИД России М.В.Захаровой
Время: 20 мар. 2025 14:00 Москва
Подключиться к конференции Zoom
https://us02web.zoom.us/j/84835843581?pwd=ZTEbjEwcaFBWUy1ZHXadg1qOJA3f5Z.1

Идентификатор конференции: 848 3584 3581
Код доступа: 237311

---

Одно касание на мобильном телефоне
+74999516380,,84835843581# Россия
+74992816510,,84835843581# Россия

---

Набор в зависимости от местоположения
• +7 499 951 6380 Россия
• +7 499 281 6510 Россия
• +7 499 281 6543 Россия
• +7 499 951 6379 Россия

Идентификатор конференции: 848 3584 3581

Найдите свой местный номер: https://us02web.zoom.us/u/kdAvecc5mV

</p>

-------------------------
path: /calendars/e0m.ru@ya.ru/events-18041099/1u10c32qyx8tfspzht490yandex.ru.ics
modTime 0001-01-01 00:00:00 +0000 UTC
---------Events--------
<p>start date : 2025-03-13</p>
<p>start time: 15:00</p>
<p>end time: 16:00</p>
uid: 1u10c32qyx8tfspzht490yandex.ru
<h1></h1>
<p>Location: к 111</p>
<p></p>

-------------------------
path: /calendars/e0m.ru@ya.ru/events-18041099/1142ul2kk39f46am2lflyandex.ru.ics
modTime 0001-01-01 00:00:00 +0000 UTC
---------Events--------
<p>start date : 2025-03-06</p>
<p>start time: 14:00</p>
<p>end time: 18:00</p>
uid: 1142ul2kk39f46am2lflyandex.ru
<h1>Брифинг М.В.Захаровой</h1>
<p>Location: Конференц-зал</p>
<p>Ответственный - Лукашев Дмитрий Алексеевич, 17-58 / +7-903-173-43-55


MFA Russia приглашает вас на запланированную конференцию: Zoom.

Тема: Брифинг официального представителя МИД России М.В.Захаровой
Время: 6 мар. 2025 14:00 Москва
Подключиться к конференции Zoom
https://us02web.zoom.us/j/81514314229?pwd=abVywZpJDqB05d0yUSDZpLgbX4YNGL.1

Идентификатор конференции: 815 1431 4229
Код доступа: 059341

---

Одно касание на мобильном телефоне
+74999516380,,81514314229# Россия
+74992816510,,81514314229# Россия

---

Набор в зависимости от местоположения
• +7 499 951 6380 Россия
• +7 499 281 6510 Россия
• +7 499 281 6543 Россия
• +7 499 951 6379 Россия

Идентификатор конференции: 815 1431 4229

Найдите свой местный номер: https://us02web.zoom.us/u/k9J3ZVyqS

</p>

-------------------------
 =========================

>>>>>>>>> КЗ
  <<<<<<<<<<<< =========================

>>>>>>>>> ОЗО
  <<<<<<<<<<<<path: /calendars/e0m.ru@ya.ru/events-13402275/3ac3gkfkyj8xw4ocs1l4yandex.ru.ics
modTime 0001-01-01 00:00:00 +0000 UTC
---------Events--------
<p>start date : 2025-03-07</p>
<p>start time: 12:00</p>
<p>end time: 15:00</p>
uid: 3ac3gkfkyj8xw4ocs1l4yandex.ru
<h1>ВКС ДМПЧ. 58-я сессия Cовета ООН</h1>
<p>Location: </p>
<p>
https://us05web.zoom.us/j/82640838728?pwd=Rrcz3d0iynbMTsDCro3UNceq2JLPVr.1

Онлайн
12:00 Тест, настройка.
13:00-15:00 мероприятие

Просьба поручить предоставить 7 марта с 12.00 до 15:00 комнату 120, Корпус №1 (в рабочем порядке предварительно согласовано), а также
обеспечить техническое сопровождение, включая подключение синхронного
перевода и осуществление видео- и аудиозаписи, официального мероприятия
(тематической конференции) Российской Федерацией (пройдет в формате ВКС
на платформе ZOOM), организуемого «на полях» 58-Й сессии Совета ООН по
правам человека,

Просьба организовать работу переводчиков так, чтобы они были участниками конференции (с пометками RUS и ЕNG). Таким образом, остальные участники конференции смогут выбирать, на каком языке слушать
выступления,

Контактное лицо в ДМПЧ: совеnник Аничина Ирина Петровна

(тел. 244-29-61).
</p>

-------------------------
path: /calendars/e0m.ru@ya.ru/events-13402275/91k843hahy3okclmbotlyandex.ru.ics
modTime 0001-01-01 00:00:00 +0000 UTC
---------Events--------
<p>start date : 2025-03-07</p>
<p>start time: 11:00</p>
<p>end time: 14:30</p>
uid: 91k843hahy3okclmbotlyandex.ru
<h1>Поздравление с международным женским днём коллектив УДД</h1>
<p>Location: </p>
<p>Вокалист с Гитаристом придут на тест к 11:00, само мероприятие начнется в 13:00. 
Микрофон 2шт. 
Гитара без комбика, сразу линией в пульт
Завести в пульт минусовку с ноутбука
нужен эффект ревер.

Менеджер Ксения тел. +79099671209</p>

-------------------------
path: /calendars/e0m.ru@ya.ru/events-13402275/3ac3gkfkz948et2f61kayandex.ru.ics
modTime 0001-01-01 00:00:00 +0000 UTC
---------Events--------
<p>start date : 2025-03-07</p>
<p>start time: 14:00</p>
<p>end time: 16:00</p>
uid: 3ac3gkfkz948et2f61kayandex.ru
<h1></h1>
<p>Location: Атриум 1-й корпус</p>
<p>Атриум.
Звукоусиление
2 микрофона на стойках
Фоновая музыка</p>

-------------------------
 =========================

>>>>>>>>> Особняк
  <<<<<<<<<<<<path: /calendars/e0m.ru@ya.ru/events-12404330/3ac3gkfkyr6rgmnd8esvyandex.ru.ics
modTime 0001-01-01 00:00:00 +0000 UTC
---------Events--------
<p>start date : 2025-03-06</p>
<p>start time: 13:00</p>
<p>end time: 14:30</p>
uid: 3ac3gkfkyr6rgmnd8esvyandex.ru
<h1>Приём-ланч С.В. Лаврова с Министром иностранных дел и международной торговли Республики Зимбабве А. Мурвирой </h1>
<p>Location: </p>
<p>Ланч
Синхронный перевод Англ.яз.


Контактное лицо в ДГА (ЮС) - Дмитрий Сергеевич
тел.  7 (499) 244-27-35,
Канцелярия т. 48-06
</p>

-------------------------
path: /calendars/e0m.ru@ya.ru/events-12404330/3ac3gkfl005vvjq8ykrcyandex.ru.ics
modTime 0001-01-01 00:00:00 +0000 UTC
---------Events--------
<p>start date : 2025-03-11</p>
<p>start time: 14:00</p>
<p>end time: 15:30</p>
uid: 3ac3gkfl005vvjq8ykrcyandex.ru
<h1>Приём-ланч Министра  С.В. Лаврова с Генеральным секретарем ОБСЕ  Ф.Синирлиоглу</h1>
<p>Location: </p>
<p>Аудиозапись
Последовательный перевод.

Просьба дать указание произвести звукозапись переговоров Министра с Генеральным секретарем ОБСЕ  Ф.Синирлиоглу и звукозапись официального приема - ленча, которые пройдут 11 марта с.г. в Большом
Особняке МИД России.

Начало переговоров в 12.00 с последующим ланчем. Завершение
мероприятия намечено на 15,00.

Контактное лицо: Якимец Дмитрий Сергеевич, тел.: 244-42-62.</p>

-------------------------
path: /calendars/e0m.ru@ya.ru/events-12404330/3ac3gkfkza2wtr2mi0oayandex.ru.ics
modTime 0001-01-01 00:00:00 +0000 UTC
---------Events--------
<p>start date : 2025-03-11</p>
<p>start time: 12:00</p>
<p>end time: 13:30</p>
uid: 3ac3gkfkza2wtr2mi0oayandex.ru
<h1>Переговоры Министра с Генеральным секретарем ОБСЕ  Ф.Синирлиоглу</h1>
<p>Location: </p>
<p>Аудиозапись
Последовательный перевод.

Просьба дать указание произвести звукозапись переговоров Министра с Генеральным секретарем ОБСЕ  Ф.Синирлиоглу и звукозапись официального приема - ленча, которые пройдут 11 марта с.г. в Большом
Особняке МИД России.

Начало переговоров в 12.00 с последующим ланчем. Завершение
мероприятия намечено на 15,00.

Контактное лицо: Якимец Дмитрий Сергеевич, тел.: 244-42-62.</p>

-------------------------
path: /calendars/e0m.ru@ya.ru/events-12404330/3ac3gkfl264wmc41humhyandex.ru.ics
modTime 0001-01-01 00:00:00 +0000 UTC
---------Events--------
<p>start date : 2025-03-20</p>
<p>start time: 13:00</p>
<p>end time: 14:30</p>
uid: 3ac3gkfl264wmc41humhyandex.ru
<h1>Ланч МЮ. Галузина с  заммининдел Армении М.А. Сафаряном</h1>
<p>Location: </p>
<p>Аудиозапись

приема-ланча 20 марта сг. (начиная с 12:00)
в Особняке МИД России (ул. Спиридоновка, д.17).

Контактное лицо в 4 ДСИГ — Борисенко
Максим Георгиевич, тел. (499) 244-36-39,
(929) 929-62-66.
</p>

-------------------------
path: /calendars/e0m.ru@ya.ru/events-12404330/3ac3gkfktsr7ajn8h49yandex.ru.ics
modTime 0001-01-01 00:00:00 +0000 UTC
---------Events--------
<p>start date : 2025-03-12</p>
<p>start time: 12:00</p>
<p>end time: 14:00</p>
uid: 3ac3gkfktsr7ajn8h49yandex.ru
<h1>Выступление С.В.Лаврова на Заседании Делового совета при Министре иностранных дел</h1>
<p>Location: Белый зал</p>
<p>Фото,
видеосъёмка + трансляция выступления Министра

Звукоусиление
КС
Аудиозапись
Трибуна - вручение наград в финале мероприятия (С.В, Лавров)
Микрофон на стойке для модератора

12 марта 2025 г. в Особняке МИД России планируется проведение заседания Делового совета при Министре иностранных дел Российской Федерации. |

В этой связи просили бы поручить ЦТСПИ выделить специалиста для технического обеспечения указанного мероприятия (микрофоны и звуковое
сопровождение), а, также организовать его аудиозапись. |

Начало заседания в 12:00, Планируемое время завершения
мероприятия — 14:00. Предполагаемое количество участников — 50 человек.

Контактные лица в ДЭС: третий секретарь ДЭС 
Прожогина Татьяна Сергеевна, тел.! 8 (499) 244-27-58. 9161752945
Баландина Татьяна Сергеевна т. 241 22 15 

онтактное лицо в ДЭС: второй секретарь Баландина Татьяна
Сергеевна, тел.: (499) 241-22-15, (915) 117-13-78.</p>

-------------------------
path: /calendars/e0m.ru@ya.ru/events-12404330/2r2c8wohnf7g2hbq9874yandex.ru.ics
modTime 0001-01-01 00:00:00 +0000 UTC
---------Events--------
<p>start date : 2025-03-05</p>
<p>start time: 11:00</p>
<p>end time: 11:30</p>
uid: 2r2c8wohnf7g2hbq9874yandex.ru
<h1>Выступление С.В.Лаврова на заседании наблюдательного и попечительского совета МГИМО</h1>
<p>Location: </p>
<p>Фото-. видеосъемка, трансляция </p>

-------------------------
path: /calendars/e0m.ru@ya.ru/events-12404330/3ac3gkfktk3hvfs9jxhoyandex.ru.ics
modTime 0001-01-01 00:00:00 +0000 UTC
---------Events--------
<p>start date : 2025-03-06</p>
<p>start time: 11:00</p>
<p>end time: 12:00</p>
uid: 3ac3gkfktk3hvfs9jxhoyandex.ru
<h1>Переговоры С.В. Лаврова с Министром иностранных дел и международной торговли Республики Зимбабве А. Мурвирой </h1>
<p>Location: </p>
<p>Переговоры
Синхронный перевод Англ. яз.

В связи с запланированными на 6 марта с.г. в Большом особняке  МИД России переговорами С.В.Лаврова с Министром иностранных дел и международной торговли Республики Зимбабве А.Мурвирой просьба дать 
указание установить микрофоны и соответствующие технические средства и  произвести настройку необходимого оборудования для обеспечения 
синхронного и последовательного перевода, а также аудиозаписи в ходе  мероприятия (время проведения - с 11.00 до 15.00).

Контактное лицо в ДГА (ЮС) - Дмитрий Сергеевич

тел.  7 (499) 244-27-35,
Канцелярия т. 48-06
</p>

-------------------------
path: /calendars/e0m.ru@ya.ru/events-12404330/3ac3gkfl005u36qkwif6yandex.ru.ics
modTime 0001-01-01 00:00:00 +0000 UTC
---------Events--------
<p>start date : 2025-03-11</p>
<p>start time: 13:30</p>
<p>end time: 14:00</p>
uid: 3ac3gkfl005u36qkwif6yandex.ru
<h1>Выход к прессе Министра  С.В. Лаврова с Генеральным секретарем ОБСЕ  Ф.Синирлиоглу</h1>
<p>Location: </p>
<p>Синхронный перевод.
Аудиозапись

Просьба дать указание произвести звукозапись переговоров Министра с Генеральным секретарем ОБСЕ  Ф.Синирлиоглу и звукозапись официального приема - ленча, которые пройдут 11 марта с.г. в Большом
Особняке МИД России.

Начало переговоров в 12.00 с последующим ланчем. Завершение
мероприятия намечено на 15,00.

Контактное лицо: Якимец Дмитрий Сергеевич, тел.: 244-42-62.</p>

-------------------------
path: /calendars/e0m.ru@ya.ru/events-12404330/1142ul2kku731531iwibyandex.ru.ics
modTime 0001-01-01 00:00:00 +0000 UTC
---------Events--------
<p>start date : 2025-03-10</p>
<p>start time: 12:00</p>
<p>end time: 14:00</p>
uid: 1142ul2kku731531iwibyandex.ru
<h1>Коллективное интервью С.В.Лаврова американским блогерам</h1>
<p>Location: Красный зал</p>
<p>Очный формат. Ответственная - Лаврова Г.И. 41-60</p>

-------------------------
path: /calendars/e0m.ru@ya.ru/events-12404330/3ac3gkfl0z7qe6jkz94lyandex.ru.ics
modTime 0001-01-01 00:00:00 +0000 UTC
---------Events--------
<p>start date : 2025-03-20</p>
<p>start time: 12:00</p>
<p>end time: 13:00</p>
uid: 3ac3gkfl0z7qe6jkz94lyandex.ru
<h1>Переговоры МЮ. Галузина с  заммининдел Армении М.А. Сафаряном</h1>
<p>Location: </p>
<p>Аудиозапись

В связи со служебной необходимостью просьба дать указание произвести аудиозапись двусторонних переговоров МЮ. Галузина с  заммининдел Армении — М.А. Сафаряном



Контактное лицо в 4 ДСИГ — Борисенко
Максим Георгиевич, тел. (499) 244-36-39,
(929) 929-62-66.
</p>

-------------------------
path: /calendars/e0m.ru@ya.ru/events-12404330/3ac3gkfkyd3b0phw2ndayandex.ru.ics
modTime 0001-01-01 00:00:00 +0000 UTC
---------Events--------
<p>start date : 2025-03-07</p>
<p>start time: 11:00</p>
<p>end time: 16:00</p>
uid: 3ac3gkfkyd3b0phw2ndayandex.ru
<h1>Консультации А.Ю. Руденко с первым заместителем Мининдел Республики Индии В.Мисри</h1>
<p>Location: </p>
<p>Просим дать указание обеспечить звукоусиление и ЗвВУКоЗапись консультаций А.Ю.Руденко’с первым заместителем Министра иностранных
дел Республики Индии В.Мисри, запланированных на 7 марта с.г. с 11.00 до 16.00 в Особняке МИД России.

Контактные телефоны: (499) 244-37-20, (985) 242-37-61.</p>

-------------------------
path: /calendars/e0m.ru@ya.ru/events-12404330/3ac3gkfkyr6nvsibadz7yandex.ru.ics
modTime 0001-01-01 00:00:00 +0000 UTC
---------Events--------
<p>start date : 2025-03-06</p>
<p>start time: 12:00</p>
<p>end time: 13:00</p>
uid: 3ac3gkfkyr6nvsibadz7yandex.ru
<h1>Совместная ПКФ С.В. Лаврова с Министром иностранных дел и международной торговли Республики Зимбабве А. Мурвирой </h1>
<p>Location: </p>
<p>Выход к прессе
Синхронный перевод Англ.яз.


Контактное лицо в ДГА (ЮС) - Дмитрий Сергеевич
тел.  7 (499) 244-27-35,
Канцелярия т. 48-06
</p>

-------------------------
path: /calendars/e0m.ru@ya.ru/events-12404330/3ac3gkfkyj7bi2fb8oz7yandex.ru.ics
modTime 0001-01-01 00:00:00 +0000 UTC
---------Events--------
<p>start date : 2025-03-05</p>
<p>start time: 10:30</p>
<p>end time: 14:30</p>
uid: 3ac3gkfkyj7bi2fb8oz7yandex.ru
<h1>Заседание Наблюдательного и Попечительского советов МГИМО</h1>
<p>Location: </p>
<p>
Звукоусиление

5 марта 2025 года в 10.30 в Большом особняке МИД России под председательством С.В. Лаврова состоится совместное заседание Наблюдательного и Попечительского советов МГИМО,

В этой связи прошу поручить направить в Большой особняк
5 марта специалистов для технического обеспечения мероприятия,

Контактное лицо: Крюков Алексей Георгиевич, тел. 8-965-259-46-15,</p>

-------------------------
path: /calendars/e0m.ru@ya.ru/events-12404330/3ac3gkfl1wo8eaml3c4yandex.ru.ics
modTime 0001-01-01 00:00:00 +0000 UTC
---------Events--------
<p>start date : 2025-03-25</p>
<p>start time: 16:00</p>
<p>end time: 18:00</p>
uid: 3ac3gkfl1wo8eaml3c4yandex.ru
<h1>Заседание Попечительского совета Фонда им. А.М. Горчакова</h1>
<p>Location: </p>
<p>
Заседание Попечительского совета
Фонда поддержки публичной дипломатии
им. А.М. Горчакова,   Е -С ——
(25 марта, 16.00, Особняк МИД)</p>

-------------------------
 =========================

>>>>>>>>> Праздники
  <<<<<<<<<<<<path: /calendars/e0m.ru@ya.ru/events-31729066/enrico-rus-20250309@kayaposoft.com.ics
modTime 0001-01-01 00:00:00 +0000 UTC
---------Events--------
<p>start date : 2025-03-09</p>
<p>start time: 00:00</p>
<p>end date: 2025-03-10</p><p>end time: 00:00</p>
uid: enrico-rus-20250309@kayaposoft.com
<h1>Праздник</h1>
<p>Location: </p>
<p></p>

-------------------------
path: /calendars/e0m.ru@ya.ru/events-31729066/enrico-rus-20250308@kayaposoft.com.ics
modTime 0001-01-01 00:00:00 +0000 UTC
---------Events--------
<p>start date : 2025-03-08</p>
<p>start time: 00:00</p>
<p>end date: 2025-03-09</p><p>end time: 00:00</p>
uid: enrico-rus-20250308@kayaposoft.com
<h1>Восьмое марта</h1>
<p>Location: </p>
<p></p>

-------------------------
 =========================

>>>>>>>>> Не забыть
  <<<<<<<<<<<< =========================

>>>>>>>>> ДКУпДК
  <<<<<<<<<<<<path: /calendars/e0m.ru@ya.ru/events-17101700/3ac3gkfkopdugpt2laayandex.ru.ics
modTime 0001-01-01 00:00:00 +0000 UTC
---------Events--------
<p>start date : 2025-03-06</p>
<p>start time: 16:00</p>
<p>end time: 19:00</p>
uid: 3ac3gkfkopdugpt2laayandex.ru
<h1>Выступление С.В.Лаврова на презентации Вологодской области</h1>
<p>Location: </p>
<p>Фото, видеосъёмка+трансляция вступительных слов

Трансляция на 2-м канале

2 иностранных языка
Англ. яз
Франц яз.

200 шт.  приёмников.
3 шт. звуковые раздачи</p>

-------------------------
path: /calendars/e0m.ru@ya.ru/events-17101700/3ac3gkfkz0qlehfqlgyandex.ru.ics
modTime 0001-01-01 00:00:00 +0000 UTC
---------Events--------
<p>start date : 2025-03-06</p>
<p>start time: 10:30</p>
<p>end time: 10:45</p>
uid: 3ac3gkfkz0qlehfqlgyandex.ru
<h1>выезд к Культурный центр</h1>
<p>Location: </p>
<p>Степанов
Кривенький</p>

-------------------------
 =========================

>>>>>>>>> Командировки/Отпуска/Больничные
  <<<<<<<<<<<<path: /calendars/e0m.ru@ya.ru/events-9053395/3ac3gkfl0a4lpgmh8xdmyandex.ru.ics
modTime 0001-01-01 00:00:00 +0000 UTC
---------Events--------
<p>start date : 2025-03-11</p>
<p>start time: 00:00</p>
<p>end date: 2025-03-14</p><p>end time: 00:30</p>
uid: 3ac3gkfl0a4lpgmh8xdmyandex.ru
<h1>Евгений Лавров Больничный</h1>
<p>Location: </p>
<p></p>

-------------------------
path: /calendars/e0m.ru@ya.ru/events-9053395/3ac3gkfl1n31365kbukdyandex.ru.ics
modTime 0001-01-01 00:00:00 +0000 UTC
---------Events--------
<p>start date : 2025-03-19</p>
<p>start time: 00:00</p>
<p>end date: 2025-03-21</p><p>end time: 00:00</p>
uid: 3ac3gkfl1n31365kbukdyandex.ru
<h1>Степанов отгул (Донор)</h1>
<p>Location: </p>
<p></p>

-------------------------
 =========================

>>>>>>>>> ОТТ
  <<<<<<<<<<<<path: /calendars/e0m.ru@ya.ru/events-10913584/zvbLXed9eS@ctspi.ru.ics
modTime 0001-01-01 00:00:00 +0000 UTC
---------Events--------
<p>start date : 2025-03-14</p>
<p>start time: 09:45</p>
<p>end time: 13:45</p>
uid: zvbLXed9eS@ctspi.ru
<h1>123</h1>
<p>Location: ОТТ</p>
<p>#Фото #Конференция #Экран

123</p>

-------------------------
path: /calendars/e0m.ru@ya.ru/events-10913584/16rg5oa3p18f94ogjerdyandex.ru.ics
modTime 0001-01-01 00:00:00 +0000 UTC
---------Events--------
<p>start date : 2025-03-07</p>
<p>start time: 13:00</p>
<p>end time: 13:15</p>
uid: 16rg5oa3p18f94ogjerdyandex.ru
<h1>Выезд в особняк</h1>
<p>Location: </p>
<p></p>

-------------------------
 =========================

>>>>>>>>> Фото
  <<<<<<<<<<<<path: /calendars/e0m.ru@ya.ru/events-9854256/4pih5qxfjd98y6hnctlnyandex.ru.ics
modTime 0001-01-01 00:00:00 +0000 UTC
---------Events--------
<p>start date : 2025-03-14</p>
<p>start time: 11:10</p>
<p>end time: 11:40</p>
uid: 4pih5qxfjd98y6hnctlnyandex.ru
<h1>Фото награждения жг</h1>
<p>Location: </p>
<p>Жг </p>

-------------------------
path: /calendars/e0m.ru@ya.ru/events-9854256/3ac3gkfl1p8qaayblxm6yandex.ru.ics
modTime 0001-01-01 00:00:00 +0000 UTC
---------Events--------
<p>start date : 2025-03-26</p>
<p>start time: 12:00</p>
<p>end time: 12:30</p>
uid: 3ac3gkfl1p8qaayblxm6yandex.ru
<h1>ФОТО  ЖГ</h1>
<p>Location: ЖГ</p>
<p>Встреча со специредставителем Президента
Республики Конго по стратегическим
вопросам и международным переговорам</p>

-------------------------
path: /calendars/e0m.ru@ya.ru/events-9854256/4pih5qxfj77c0mhffaq1yandex.ru.ics
modTime 0001-01-01 00:00:00 +0000 UTC
---------Events--------
<p>start date : 2025-03-13</p>
<p>start time: 11:30</p>
<p>end time: 12:00</p>
uid: 4pih5qxfj77c0mhffaq1yandex.ru
<h1>Фото желтая гостиная </h1>
<p>Location: </p>
<p>Фото </p>

-------------------------
path: /calendars/e0m.ru@ya.ru/events-9854256/2r2c8wohny6a0wbiadsuyandex.ru.ics
modTime 0001-01-01 00:00:00 +0000 UTC
---------Events--------
<p>start date : 2025-03-07</p>
<p>start time: 11:00</p>
<p>end time: 11:30</p>
uid: 2r2c8wohny6a0wbiadsuyandex.ru
<h1>Ж.Г. _ Встреча С.В.Лаврова и генсека международного движения русофилов Н.Малиновым</h1>
<p>Location: </p>
<p></p>

-------------------------
path: /calendars/e0m.ru@ya.ru/events-9854256/4pih5qxfh73couzdylg3yandex.ru.ics
modTime 0001-01-01 00:00:00 +0000 UTC
---------Events--------
<p>start date : 2025-03-05</p>
<p>start time: 10:30</p>
<p>end time: 11:00</p>
uid: 4pih5qxfh73couzdylg3yandex.ru
<h1>Награждение 737 фото </h1>
<p>Location: </p>
<p>Фото </p>

-------------------------
path: /calendars/e0m.ru@ya.ru/events-9854256/4pih5qxfj63obg48bjleyandex.ru.ics
modTime 0001-01-01 00:00:00 +0000 UTC
---------Events--------
<p>start date : 2025-03-31</p>
<p>start time: 18:00</p>
<p>end time: 18:30</p>
uid: 4pih5qxfj63obg48bjleyandex.ru
<h1>Встреча С.В.Лаврова с мининдел Китая Ван И</h1>
<p>Location: </p>
<p>Фото </p>

-------------------------
 =========================

